2020-03-13 00:38:51 INFO  main com.zgcenv.elip.auth.AuthApplication No active profile set, falling back to default profiles: default
2020-03-13 00:38:52 INFO  main org.springframework.data.repository.config.RepositoryConfigurationDelegate Multiple Spring Data modules found, entering strict repository configuration mode!
2020-03-13 00:38:52 INFO  main org.springframework.data.repository.config.RepositoryConfigurationDelegate Bootstrapping Spring Data Redis repositories in DEFAULT mode.
2020-03-13 00:38:52 INFO  main org.springframework.data.repository.config.RepositoryConfigurationDelegate Finished Spring Data repository scanning in 8ms. Found 0 Redis repository interfaces.
2020-03-13 00:38:52 INFO  main org.springframework.cloud.context.scope.GenericScope BeanFactory id=008ad34b-e47a-32c8-bcd0-5ada02e854d2
2020-03-13 00:38:52 INFO  main org.springframework.context.support.PostProcessorRegistrationDelegate$BeanPostProcessorChecker Bean 'org.springframework.transaction.annotation.ProxyTransactionManagementConfiguration' of type [org.springframework.transaction.annotation.ProxyTransactionManagementConfiguration] is not eligible for getting processed by all BeanPostProcessors (for example: not eligible for auto-proxying)
2020-03-13 00:38:52 INFO  main org.springframework.context.support.PostProcessorRegistrationDelegate$BeanPostProcessorChecker Bean 'spring.datasource.dynamic-com.baomidou.dynamic.datasource.spring.boot.autoconfigure.DynamicDataSourceProperties' of type [com.baomidou.dynamic.datasource.spring.boot.autoconfigure.DynamicDataSourceProperties] is not eligible for getting processed by all BeanPostProcessors (for example: not eligible for auto-proxying)
2020-03-13 00:38:52 INFO  main org.springframework.context.support.PostProcessorRegistrationDelegate$BeanPostProcessorChecker Bean 'com.baomidou.dynamic.datasource.spring.boot.autoconfigure.DynamicDataSourceAutoConfiguration' of type [com.baomidou.dynamic.datasource.spring.boot.autoconfigure.DynamicDataSourceAutoConfiguration$$EnhancerBySpringCGLIB$$5d5f5538] is not eligible for getting processed by all BeanPostProcessors (for example: not eligible for auto-proxying)
2020-03-13 00:38:52 INFO  main org.springframework.context.support.PostProcessorRegistrationDelegate$BeanPostProcessorChecker Bean 'dsProcessor' of type [com.baomidou.dynamic.datasource.processor.DsHeaderProcessor] is not eligible for getting processed by all BeanPostProcessors (for example: not eligible for auto-proxying)
2020-03-13 00:38:52 INFO  main org.springframework.context.support.PostProcessorRegistrationDelegate$BeanPostProcessorChecker Bean 'dynamicDatasourceAnnotationAdvisor' of type [com.baomidou.dynamic.datasource.aop.DynamicDataSourceAnnotationAdvisor] is not eligible for getting processed by all BeanPostProcessors (for example: not eligible for auto-proxying)
2020-03-13 00:38:52 INFO  main org.springframework.context.support.PostProcessorRegistrationDelegate$BeanPostProcessorChecker Bean 'org.springframework.security.config.annotation.configuration.ObjectPostProcessorConfiguration' of type [org.springframework.security.config.annotation.configuration.ObjectPostProcessorConfiguration] is not eligible for getting processed by all BeanPostProcessors (for example: not eligible for auto-proxying)
2020-03-13 00:38:52 INFO  main org.springframework.context.support.PostProcessorRegistrationDelegate$BeanPostProcessorChecker Bean 'objectPostProcessor' of type [org.springframework.security.config.annotation.configuration.AutowireBeanFactoryObjectPostProcessor] is not eligible for getting processed by all BeanPostProcessors (for example: not eligible for auto-proxying)
2020-03-13 00:38:52 INFO  main org.springframework.context.support.PostProcessorRegistrationDelegate$BeanPostProcessorChecker Bean 'org.springframework.security.access.expression.method.DefaultMethodSecurityExpressionHandler@1a8df0b3' of type [org.springframework.security.oauth2.provider.expression.OAuth2MethodSecurityExpressionHandler] is not eligible for getting processed by all BeanPostProcessors (for example: not eligible for auto-proxying)
2020-03-13 00:38:52 INFO  main org.springframework.context.support.PostProcessorRegistrationDelegate$BeanPostProcessorChecker Bean 'org.springframework.security.config.annotation.method.configuration.GlobalMethodSecurityConfiguration' of type [org.springframework.security.config.annotation.method.configuration.GlobalMethodSecurityConfiguration] is not eligible for getting processed by all BeanPostProcessors (for example: not eligible for auto-proxying)
2020-03-13 00:38:52 INFO  main org.springframework.context.support.PostProcessorRegistrationDelegate$BeanPostProcessorChecker Bean 'methodSecurityMetadataSource' of type [org.springframework.security.access.method.DelegatingMethodSecurityMetadataSource] is not eligible for getting processed by all BeanPostProcessors (for example: not eligible for auto-proxying)
2020-03-13 00:38:53 INFO  main org.springframework.boot.web.embedded.tomcat.TomcatWebServer Tomcat initialized with port(s): 8802 (http)
2020-03-13 00:38:53 INFO  main org.apache.coyote.http11.Http11NioProtocol Initializing ProtocolHandler ["http-nio-8802"]
2020-03-13 00:38:53 INFO  main org.apache.catalina.core.StandardService Starting service [Tomcat]
2020-03-13 00:38:53 INFO  main org.apache.catalina.core.StandardEngine Starting Servlet engine: [Apache Tomcat/9.0.29]
2020-03-13 00:38:53 INFO  main org.apache.catalina.core.ContainerBase.[Tomcat].[localhost].[/auth] Initializing Spring embedded WebApplicationContext
2020-03-13 00:38:53 INFO  main org.springframework.web.context.ContextLoader Root WebApplicationContext: initialization completed in 1354 ms
2020-03-13 00:38:53 INFO  main com.netflix.config.sources.URLConfigurationSource To enable URLs as dynamic configuration sources, define System property archaius.configurationSource.additionalUrls or make config.properties available on classpath.
2020-03-13 00:38:53 INFO  main com.netflix.config.DynamicPropertyFactory DynamicPropertyFactory is initialized with configuration sources: com.netflix.config.ConcurrentCompositeConfiguration@23da79eb
2020-03-13 00:38:53 INFO  main com.zaxxer.hikari.HikariDataSource base - Starting...
2020-03-13 00:38:53 INFO  main com.zaxxer.hikari.HikariDataSource base - Start completed.
2020-03-13 00:38:53 INFO  main com.baomidou.dynamic.datasource.DynamicRoutingDataSource dynamic-datasource - load a datasource named [base] success
2020-03-13 00:38:53 INFO  main com.baomidou.dynamic.datasource.DynamicRoutingDataSource dynamic-datasource initial loaded [1] datasource,primary datasource named [base]
2020-03-13 00:38:54 INFO  main org.springframework.beans.factory.annotation.AutowiredAnnotationBeanPostProcessor Autowired annotation is not supported on static fields: private static long com.zgcenv.elip.common.utils.CustomIdGenerator.workerId
2020-03-13 00:38:54 INFO  main org.springframework.beans.factory.annotation.AutowiredAnnotationBeanPostProcessor Autowired annotation is not supported on static fields: private static long com.zgcenv.elip.common.utils.CustomIdGenerator.datacenterId
2020-03-13 00:38:54 INFO  main org.springframework.beans.factory.annotation.AutowiredAnnotationBeanPostProcessor Autowired annotation is not supported on static fields: private static long com.zgcenv.elip.common.utils.CustomIdGenerator.workerId
2020-03-13 00:38:54 INFO  main org.springframework.beans.factory.annotation.AutowiredAnnotationBeanPostProcessor Autowired annotation is not supported on static fields: private static long com.zgcenv.elip.common.utils.CustomIdGenerator.datacenterId
2020-03-13 00:38:54 INFO  main com.zgcenv.elip.auth.configure.SecurityConfigure SecurityConfigure-authenticationManagerBean
2020-03-13 00:38:55 INFO  main com.zgcenv.elip.auth.configure.AuthorizationServerConfigure AuthorizationServerConfigure-endpoints
2020-03-13 00:38:55 INFO  main com.zgcenv.elip.auth.configure.AuthorizationServerConfigure AuthorizationServerConfigure-tokenStore
2020-03-13 00:38:55 INFO  main com.zgcenv.elip.auth.configure.AuthorizationServerConfigure AuthorizationServerConfigure-ClientDetailsServiceConfigurer
2020-03-13 00:38:55 INFO  main com.zgcenv.elip.auth.configure.AuthorizationServerConfigure AuthorizationServerConfigure-jwtAccessTokenConverter
2020-03-13 00:38:55 INFO  main com.zgcenv.elip.auth.configure.AuthorizationServerConfigure AuthorizationServerConfigure-defaultTokenServices
2020-03-13 00:38:55 INFO  main com.zgcenv.elip.auth.configure.AuthorizationServerConfigure AuthorizationServerConfigure-oAuth2RequestFactory
2020-03-13 00:38:55 INFO  main com.zgcenv.elip.auth.configure.AuthorizationServerConfigure AuthorizationServerConfigure-resourceOwnerPasswordTokenGranter
2020-03-13 00:38:55 INFO  main com.zgcenv.elip.auth.configure.AuthorizationServerConfigure AuthorizationServerConfigure-security
2020-03-13 00:38:55 INFO  main com.zgcenv.elip.auth.configure.SecurityConfigure SecurityConfigure-configure-auth
2020-03-13 00:38:55 INFO  main com.zgcenv.elip.auth.configure.SecurityConfigure SecurityConfigure-configure-http
2020-03-13 00:38:55 INFO  main com.zgcenv.elip.auth.configure.ResourceServerConfigure ResourceServerConfigure-configure-resources
2020-03-13 00:38:55 INFO  main com.zgcenv.elip.auth.configure.ResourceServerConfigure ResourceServerConfigure-configure-http
2020-03-13 00:38:55 INFO  main com.zgcenv.elip.auth.configure.ResourceServerConfigure /captcha
2020-03-13 00:38:55 INFO  main org.springframework.security.web.DefaultSecurityFilterChain Creating filter chain: OrRequestMatcher [requestMatchers=[Ant [pattern='/oauth/token'], Ant [pattern='/oauth/token_key'], Ant [pattern='/oauth/check_token']]], [org.springframework.security.web.context.request.async.WebAsyncManagerIntegrationFilter@1242d96b, org.springframework.security.web.context.SecurityContextPersistenceFilter@4f3fec43, org.springframework.security.web.header.HeaderWriterFilter@63bca84d, org.springframework.security.web.authentication.logout.LogoutFilter@517a46f3, org.springframework.security.web.authentication.www.BasicAuthenticationFilter@177ddd24, org.springframework.security.web.savedrequest.RequestCacheAwareFilter@10f20d38, org.springframework.security.web.servletapi.SecurityContextHolderAwareRequestFilter@59371066, org.springframework.security.web.authentication.AnonymousAuthenticationFilter@2ecdf528, org.springframework.security.web.session.SessionManagementFilter@3982206a, org.springframework.security.web.access.ExceptionTranslationFilter@191e654, org.springframework.security.web.access.intercept.FilterSecurityInterceptor@6cc8c13c]
2020-03-13 00:38:55 INFO  main org.springframework.security.web.DefaultSecurityFilterChain Creating filter chain: OrRequestMatcher [requestMatchers=[Ant [pattern='/oauth/**']]], [org.springframework.security.web.context.request.async.WebAsyncManagerIntegrationFilter@7a1ddbf1, org.springframework.security.web.context.SecurityContextPersistenceFilter@7d626f2, org.springframework.security.web.header.HeaderWriterFilter@123ca460, org.springframework.security.web.authentication.logout.LogoutFilter@2487e20, com.zgcenv.elip.common.filter.ValidateCodeFilter@7f22687e, org.springframework.security.web.savedrequest.RequestCacheAwareFilter@460f1cdb, org.springframework.security.web.servletapi.SecurityContextHolderAwareRequestFilter@31e7afde, org.springframework.security.web.authentication.AnonymousAuthenticationFilter@1e606f64, org.springframework.security.web.session.SessionManagementFilter@11228bee, org.springframework.security.web.access.ExceptionTranslationFilter@38cf3ae1, org.springframework.security.web.access.intercept.FilterSecurityInterceptor@3cdfbbef]
2020-03-13 00:38:55 INFO  main org.springframework.security.web.DefaultSecurityFilterChain Creating filter chain: OrRequestMatcher [requestMatchers=[Ant [pattern='/**']]], [org.springframework.security.web.context.request.async.WebAsyncManagerIntegrationFilter@10166230, org.springframework.security.web.context.SecurityContextPersistenceFilter@79ba0285, org.springframework.security.web.header.HeaderWriterFilter@46894dc5, org.springframework.security.web.authentication.logout.LogoutFilter@46a388cc, org.springframework.security.oauth2.provider.authentication.OAuth2AuthenticationProcessingFilter@324e8baa, org.springframework.security.web.authentication.www.BasicAuthenticationFilter@702f4124, org.springframework.security.web.savedrequest.RequestCacheAwareFilter@6df2a206, org.springframework.security.web.servletapi.SecurityContextHolderAwareRequestFilter@61993d18, org.springframework.security.web.authentication.AnonymousAuthenticationFilter@7221539, org.springframework.security.web.session.SessionManagementFilter@596afb2f, org.springframework.security.web.access.ExceptionTranslationFilter@26865b57, org.springframework.security.web.access.intercept.FilterSecurityInterceptor@47797401]
2020-03-13 00:38:55 INFO  main com.netflix.config.sources.URLConfigurationSource To enable URLs as dynamic configuration sources, define System property archaius.configurationSource.additionalUrls or make config.properties available on classpath.
2020-03-13 00:38:55 INFO  main org.springframework.scheduling.concurrent.ThreadPoolTaskExecutor Initializing ExecutorService 'applicationTaskExecutor'
2020-03-13 00:38:56 INFO  main org.springframework.boot.actuate.endpoint.web.EndpointLinksResolver Exposing 2 endpoint(s) beneath base path '/actuator'
2020-03-13 00:38:56 INFO  main org.springframework.cloud.netflix.eureka.InstanceInfoFactory Setting initial instance status as: STARTING
2020-03-13 00:38:56 INFO  main com.netflix.discovery.DiscoveryClient Initializing Eureka in region us-east-1
2020-03-13 00:38:56 INFO  main com.netflix.discovery.provider.DiscoveryJerseyProvider Using JSON encoding codec LegacyJacksonJson
2020-03-13 00:38:56 INFO  main com.netflix.discovery.provider.DiscoveryJerseyProvider Using JSON decoding codec LegacyJacksonJson
2020-03-13 00:38:56 INFO  main com.netflix.discovery.provider.DiscoveryJerseyProvider Using XML encoding codec XStreamXml
2020-03-13 00:38:56 INFO  main com.netflix.discovery.provider.DiscoveryJerseyProvider Using XML decoding codec XStreamXml
2020-03-13 00:38:56 INFO  main com.netflix.discovery.shared.resolver.aws.ConfigClusterResolver Resolving eureka endpoints via configuration
2020-03-13 00:38:56 INFO  main com.netflix.discovery.DiscoveryClient Disable delta property : false
2020-03-13 00:38:56 INFO  main com.netflix.discovery.DiscoveryClient Single vip registry refresh property : null
2020-03-13 00:38:56 INFO  main com.netflix.discovery.DiscoveryClient Force full registry fetch : false
2020-03-13 00:38:56 INFO  main com.netflix.discovery.DiscoveryClient Application is null : false
2020-03-13 00:38:56 INFO  main com.netflix.discovery.DiscoveryClient Registered Applications size is zero : true
2020-03-13 00:38:56 INFO  main com.netflix.discovery.DiscoveryClient Application version is -1: true
2020-03-13 00:38:56 INFO  main com.netflix.discovery.DiscoveryClient Getting all instance registry info from the eureka server
2020-03-13 00:38:57 INFO  main com.netflix.discovery.DiscoveryClient The response status is 200
2020-03-13 00:38:57 INFO  main com.netflix.discovery.DiscoveryClient Starting heartbeat executor: renew interval is: 20
2020-03-13 00:38:57 INFO  main com.netflix.discovery.InstanceInfoReplicator InstanceInfoReplicator onDemand update allowed rate per min is 4
2020-03-13 00:38:57 INFO  main com.netflix.discovery.DiscoveryClient Discovery Client initialized at timestamp 1584031137091 with initial instances count: 0
2020-03-13 00:38:57 INFO  main org.springframework.cloud.netflix.eureka.serviceregistry.EurekaServiceRegistry Registering application AUTH with eureka with status UP
2020-03-13 00:38:57 INFO  main com.netflix.discovery.DiscoveryClient Saw local status change event StatusChangeEvent [timestamp=1584031137095, current=UP, previous=STARTING]
2020-03-13 00:38:57 INFO  DiscoveryClient-InstanceInfoReplicator-0 com.netflix.discovery.DiscoveryClient DiscoveryClient_AUTH/DESKTOP-562NTM1:Auth:8802: registering service...
2020-03-13 00:38:57 INFO  main org.apache.coyote.http11.Http11NioProtocol Starting ProtocolHandler ["http-nio-8802"]
2020-03-13 00:38:57 INFO  main org.springframework.boot.web.embedded.tomcat.TomcatWebServer Tomcat started on port(s): 8802 (http) with context path '/auth'
2020-03-13 00:38:57 INFO  main org.springframework.cloud.netflix.eureka.serviceregistry.EurekaAutoServiceRegistration Updating port to 8802
2020-03-13 00:38:57 INFO  DiscoveryClient-InstanceInfoReplicator-0 com.netflix.discovery.DiscoveryClient DiscoveryClient_AUTH/DESKTOP-562NTM1:Auth:8802 - registration status: 204
2020-03-13 00:38:57 INFO  main com.zgcenv.elip.auth.AuthApplication Started AuthApplication in 6.452 seconds (JVM running for 7.836)
2020-03-13 00:38:57 INFO  main com.zgcenv.elip.auth.runner.StartedUpRunner   _   _   _   _   _   _   _   _
2020-03-13 00:38:57 INFO  main com.zgcenv.elip.auth.runner.StartedUpRunner  / \ / \ / \ / \ / \ / \ / \ / \
2020-03-13 00:38:57 INFO  main com.zgcenv.elip.auth.runner.StartedUpRunner ( c | o | m | p | l | e | t | e )
2020-03-13 00:38:57 INFO  main com.zgcenv.elip.auth.runner.StartedUpRunner  \_/ \_/ \_/ \_/ \_/ \_/ \_/ \_/
2020-03-13 00:38:57 INFO  main com.zgcenv.elip.auth.runner.StartedUpRunner Auth 启动完毕，时间：2020-03-13T00:38:57.321
2020-03-13 00:38:57 INFO  RMI TCP Connection(2)-192.168.1.13 org.apache.catalina.core.ContainerBase.[Tomcat].[localhost].[/auth] Initializing Spring DispatcherServlet 'dispatcherServlet'
2020-03-13 00:38:57 INFO  RMI TCP Connection(2)-192.168.1.13 org.springframework.web.servlet.DispatcherServlet Initializing Servlet 'dispatcherServlet'
2020-03-13 00:38:57 INFO  RMI TCP Connection(2)-192.168.1.13 org.springframework.web.servlet.DispatcherServlet Completed initialization in 7 ms
2020-03-13 00:38:57 INFO  boundedElastic-1 io.lettuce.core.EpollProvider Starting without optional epoll library
2020-03-13 00:38:57 INFO  boundedElastic-1 io.lettuce.core.KqueueProvider Starting without optional kqueue library
2020-03-13 00:39:00 INFO  DiscoveryClient-CacheRefreshExecutor-0 com.netflix.discovery.DiscoveryClient Disable delta property : false
2020-03-13 00:39:00 INFO  DiscoveryClient-CacheRefreshExecutor-0 com.netflix.discovery.DiscoveryClient Single vip registry refresh property : null
2020-03-13 00:39:00 INFO  DiscoveryClient-CacheRefreshExecutor-0 com.netflix.discovery.DiscoveryClient Force full registry fetch : false
2020-03-13 00:39:00 INFO  DiscoveryClient-CacheRefreshExecutor-0 com.netflix.discovery.DiscoveryClient Application is null : false
2020-03-13 00:39:00 INFO  DiscoveryClient-CacheRefreshExecutor-0 com.netflix.discovery.DiscoveryClient Registered Applications size is zero : true
2020-03-13 00:39:00 INFO  DiscoveryClient-CacheRefreshExecutor-0 com.netflix.discovery.DiscoveryClient Application version is -1: false
2020-03-13 00:39:00 INFO  DiscoveryClient-CacheRefreshExecutor-0 com.netflix.discovery.DiscoveryClient Getting all instance registry info from the eureka server
2020-03-13 00:39:00 INFO  DiscoveryClient-CacheRefreshExecutor-0 com.netflix.discovery.DiscoveryClient The response status is 200
2020-03-13 07:54:18 INFO  main com.zgcenv.elip.auth.AuthApplication No active profile set, falling back to default profiles: default
2020-03-13 07:54:20 INFO  main org.springframework.data.repository.config.RepositoryConfigurationDelegate Multiple Spring Data modules found, entering strict repository configuration mode!
2020-03-13 07:54:20 INFO  main org.springframework.data.repository.config.RepositoryConfigurationDelegate Bootstrapping Spring Data Redis repositories in DEFAULT mode.
2020-03-13 07:54:20 INFO  main org.springframework.data.repository.config.RepositoryConfigurationDelegate Finished Spring Data repository scanning in 13ms. Found 0 Redis repository interfaces.
2020-03-13 07:54:20 INFO  main org.springframework.cloud.context.scope.GenericScope BeanFactory id=008ad34b-e47a-32c8-bcd0-5ada02e854d2
2020-03-13 07:54:20 INFO  main org.springframework.context.support.PostProcessorRegistrationDelegate$BeanPostProcessorChecker Bean 'org.springframework.transaction.annotation.ProxyTransactionManagementConfiguration' of type [org.springframework.transaction.annotation.ProxyTransactionManagementConfiguration] is not eligible for getting processed by all BeanPostProcessors (for example: not eligible for auto-proxying)
2020-03-13 07:54:20 INFO  main org.springframework.context.support.PostProcessorRegistrationDelegate$BeanPostProcessorChecker Bean 'spring.datasource.dynamic-com.baomidou.dynamic.datasource.spring.boot.autoconfigure.DynamicDataSourceProperties' of type [com.baomidou.dynamic.datasource.spring.boot.autoconfigure.DynamicDataSourceProperties] is not eligible for getting processed by all BeanPostProcessors (for example: not eligible for auto-proxying)
2020-03-13 07:54:20 INFO  main org.springframework.context.support.PostProcessorRegistrationDelegate$BeanPostProcessorChecker Bean 'com.baomidou.dynamic.datasource.spring.boot.autoconfigure.DynamicDataSourceAutoConfiguration' of type [com.baomidou.dynamic.datasource.spring.boot.autoconfigure.DynamicDataSourceAutoConfiguration$$EnhancerBySpringCGLIB$$5cff1ee6] is not eligible for getting processed by all BeanPostProcessors (for example: not eligible for auto-proxying)
2020-03-13 07:54:21 INFO  main org.springframework.context.support.PostProcessorRegistrationDelegate$BeanPostProcessorChecker Bean 'dsProcessor' of type [com.baomidou.dynamic.datasource.processor.DsHeaderProcessor] is not eligible for getting processed by all BeanPostProcessors (for example: not eligible for auto-proxying)
2020-03-13 07:54:21 INFO  main org.springframework.context.support.PostProcessorRegistrationDelegate$BeanPostProcessorChecker Bean 'dynamicDatasourceAnnotationAdvisor' of type [com.baomidou.dynamic.datasource.aop.DynamicDataSourceAnnotationAdvisor] is not eligible for getting processed by all BeanPostProcessors (for example: not eligible for auto-proxying)
2020-03-13 07:54:21 INFO  main org.springframework.context.support.PostProcessorRegistrationDelegate$BeanPostProcessorChecker Bean 'org.springframework.security.config.annotation.configuration.ObjectPostProcessorConfiguration' of type [org.springframework.security.config.annotation.configuration.ObjectPostProcessorConfiguration] is not eligible for getting processed by all BeanPostProcessors (for example: not eligible for auto-proxying)
2020-03-13 07:54:21 INFO  main org.springframework.context.support.PostProcessorRegistrationDelegate$BeanPostProcessorChecker Bean 'objectPostProcessor' of type [org.springframework.security.config.annotation.configuration.AutowireBeanFactoryObjectPostProcessor] is not eligible for getting processed by all BeanPostProcessors (for example: not eligible for auto-proxying)
2020-03-13 07:54:21 INFO  main org.springframework.context.support.PostProcessorRegistrationDelegate$BeanPostProcessorChecker Bean 'org.springframework.security.access.expression.method.DefaultMethodSecurityExpressionHandler@4b5a078a' of type [org.springframework.security.oauth2.provider.expression.OAuth2MethodSecurityExpressionHandler] is not eligible for getting processed by all BeanPostProcessors (for example: not eligible for auto-proxying)
2020-03-13 07:54:21 INFO  main org.springframework.context.support.PostProcessorRegistrationDelegate$BeanPostProcessorChecker Bean 'org.springframework.security.config.annotation.method.configuration.GlobalMethodSecurityConfiguration' of type [org.springframework.security.config.annotation.method.configuration.GlobalMethodSecurityConfiguration] is not eligible for getting processed by all BeanPostProcessors (for example: not eligible for auto-proxying)
2020-03-13 07:54:21 INFO  main org.springframework.context.support.PostProcessorRegistrationDelegate$BeanPostProcessorChecker Bean 'methodSecurityMetadataSource' of type [org.springframework.security.access.method.DelegatingMethodSecurityMetadataSource] is not eligible for getting processed by all BeanPostProcessors (for example: not eligible for auto-proxying)
2020-03-13 07:54:21 INFO  main org.springframework.boot.web.embedded.tomcat.TomcatWebServer Tomcat initialized with port(s): 8802 (http)
2020-03-13 07:54:21 INFO  main org.apache.coyote.http11.Http11NioProtocol Initializing ProtocolHandler ["http-nio-8802"]
2020-03-13 07:54:21 INFO  main org.apache.catalina.core.StandardService Starting service [Tomcat]
2020-03-13 07:54:21 INFO  main org.apache.catalina.core.StandardEngine Starting Servlet engine: [Apache Tomcat/9.0.29]
2020-03-13 07:54:21 INFO  main org.apache.catalina.core.ContainerBase.[Tomcat].[localhost].[/auth] Initializing Spring embedded WebApplicationContext
2020-03-13 07:54:21 INFO  main org.springframework.web.context.ContextLoader Root WebApplicationContext: initialization completed in 2912 ms
2020-03-13 07:54:21 INFO  main com.netflix.config.sources.URLConfigurationSource To enable URLs as dynamic configuration sources, define System property archaius.configurationSource.additionalUrls or make config.properties available on classpath.
2020-03-13 07:54:21 INFO  main com.netflix.config.DynamicPropertyFactory DynamicPropertyFactory is initialized with configuration sources: com.netflix.config.ConcurrentCompositeConfiguration@4d157493
2020-03-13 07:54:22 INFO  main com.zaxxer.hikari.HikariDataSource base - Starting...
2020-03-13 07:54:22 INFO  main com.zaxxer.hikari.HikariDataSource base - Start completed.
2020-03-13 07:54:22 INFO  main com.baomidou.dynamic.datasource.DynamicRoutingDataSource dynamic-datasource - load a datasource named [base] success
2020-03-13 07:54:22 INFO  main com.baomidou.dynamic.datasource.DynamicRoutingDataSource dynamic-datasource initial loaded [1] datasource,primary datasource named [base]
2020-03-13 07:54:24 INFO  main org.springframework.beans.factory.annotation.AutowiredAnnotationBeanPostProcessor Autowired annotation is not supported on static fields: private static long com.zgcenv.elip.common.utils.CustomIdGenerator.workerId
2020-03-13 07:54:24 INFO  main org.springframework.beans.factory.annotation.AutowiredAnnotationBeanPostProcessor Autowired annotation is not supported on static fields: private static long com.zgcenv.elip.common.utils.CustomIdGenerator.datacenterId
2020-03-13 07:54:24 INFO  main org.springframework.beans.factory.annotation.AutowiredAnnotationBeanPostProcessor Autowired annotation is not supported on static fields: private static long com.zgcenv.elip.common.utils.CustomIdGenerator.workerId
2020-03-13 07:54:24 INFO  main org.springframework.beans.factory.annotation.AutowiredAnnotationBeanPostProcessor Autowired annotation is not supported on static fields: private static long com.zgcenv.elip.common.utils.CustomIdGenerator.datacenterId
2020-03-13 07:54:25 INFO  main com.zgcenv.elip.auth.configure.SecurityConfigure SecurityConfigure-authenticationManagerBean
2020-03-13 07:54:25 INFO  main com.zgcenv.elip.auth.configure.AuthorizationServerConfigure AuthorizationServerConfigure-endpoints
2020-03-13 07:54:25 INFO  main com.zgcenv.elip.auth.configure.AuthorizationServerConfigure AuthorizationServerConfigure-tokenStore
2020-03-13 07:54:25 INFO  main com.zgcenv.elip.auth.configure.AuthorizationServerConfigure AuthorizationServerConfigure-ClientDetailsServiceConfigurer
2020-03-13 07:54:25 INFO  main com.zgcenv.elip.auth.configure.AuthorizationServerConfigure AuthorizationServerConfigure-jwtAccessTokenConverter
2020-03-13 07:54:25 INFO  main com.zgcenv.elip.auth.configure.AuthorizationServerConfigure AuthorizationServerConfigure-defaultTokenServices
2020-03-13 07:54:25 INFO  main com.zgcenv.elip.auth.configure.AuthorizationServerConfigure AuthorizationServerConfigure-oAuth2RequestFactory
2020-03-13 07:54:25 INFO  main com.zgcenv.elip.auth.configure.AuthorizationServerConfigure AuthorizationServerConfigure-resourceOwnerPasswordTokenGranter
2020-03-13 07:54:25 INFO  main com.zgcenv.elip.auth.configure.AuthorizationServerConfigure AuthorizationServerConfigure-security
2020-03-13 07:54:25 INFO  main com.zgcenv.elip.auth.configure.SecurityConfigure SecurityConfigure-configure-auth
2020-03-13 07:54:25 INFO  main com.zgcenv.elip.auth.configure.SecurityConfigure SecurityConfigure-configure-http
2020-03-13 07:54:25 INFO  main com.zgcenv.elip.auth.configure.ResourceServerConfigure ResourceServerConfigure-configure-resources
2020-03-13 07:54:25 INFO  main com.zgcenv.elip.auth.configure.ResourceServerConfigure ResourceServerConfigure-configure-http
2020-03-13 07:54:25 INFO  main com.zgcenv.elip.auth.configure.ResourceServerConfigure /captcha
2020-03-13 07:54:25 INFO  main org.springframework.security.web.DefaultSecurityFilterChain Creating filter chain: OrRequestMatcher [requestMatchers=[Ant [pattern='/oauth/token'], Ant [pattern='/oauth/token_key'], Ant [pattern='/oauth/check_token']]], [org.springframework.security.web.context.request.async.WebAsyncManagerIntegrationFilter@349f3ff7, org.springframework.security.web.context.SecurityContextPersistenceFilter@5529522f, org.springframework.security.web.header.HeaderWriterFilter@59371066, org.springframework.security.web.authentication.logout.LogoutFilter@95cecc5, org.springframework.security.web.authentication.www.BasicAuthenticationFilter@38cf3ae1, org.springframework.security.web.savedrequest.RequestCacheAwareFilter@51a719e7, org.springframework.security.web.servletapi.SecurityContextHolderAwareRequestFilter@1b60d324, org.springframework.security.web.authentication.AnonymousAuthenticationFilter@2487e20, org.springframework.security.web.session.SessionManagementFilter@126a9a3d, org.springframework.security.web.access.ExceptionTranslationFilter@419f0ea, org.springframework.security.web.access.intercept.FilterSecurityInterceptor@615bad16]
2020-03-13 07:54:25 INFO  main org.springframework.security.web.DefaultSecurityFilterChain Creating filter chain: OrRequestMatcher [requestMatchers=[Ant [pattern='/oauth/**']]], [org.springframework.security.web.context.request.async.WebAsyncManagerIntegrationFilter@596afb2f, org.springframework.security.web.context.SecurityContextPersistenceFilter@100807ca, org.springframework.security.web.header.HeaderWriterFilter@1958c0d9, org.springframework.security.web.authentication.logout.LogoutFilter@70c205bf, com.zgcenv.elip.common.filter.ValidateCodeFilter@5175d9ad, org.springframework.security.web.savedrequest.RequestCacheAwareFilter@c67395, org.springframework.security.web.servletapi.SecurityContextHolderAwareRequestFilter@5fc7255c, org.springframework.security.web.authentication.AnonymousAuthenticationFilter@79ba0285, org.springframework.security.web.session.SessionManagementFilter@d8e4250, org.springframework.security.web.access.ExceptionTranslationFilter@581918f6, org.springframework.security.web.access.intercept.FilterSecurityInterceptor@46894dc5]
2020-03-13 07:54:25 INFO  main org.springframework.security.web.DefaultSecurityFilterChain Creating filter chain: OrRequestMatcher [requestMatchers=[Ant [pattern='/**']]], [org.springframework.security.web.context.request.async.WebAsyncManagerIntegrationFilter@3cbfdf5c, org.springframework.security.web.context.SecurityContextPersistenceFilter@11cadb32, org.springframework.security.web.header.HeaderWriterFilter@4571cebe, org.springframework.security.web.authentication.logout.LogoutFilter@37986daf, org.springframework.security.oauth2.provider.authentication.OAuth2AuthenticationProcessingFilter@b77b0a0, org.springframework.security.web.authentication.www.BasicAuthenticationFilter@44de8e00, org.springframework.security.web.savedrequest.RequestCacheAwareFilter@6d3ad37a, org.springframework.security.web.servletapi.SecurityContextHolderAwareRequestFilter@26f5e45d, org.springframework.security.web.authentication.AnonymousAuthenticationFilter@4d825dbe, org.springframework.security.web.session.SessionManagementFilter@154864f8, org.springframework.security.web.access.ExceptionTranslationFilter@57f2e67, org.springframework.security.web.access.intercept.FilterSecurityInterceptor@3e2c4d4b]
2020-03-13 07:54:25 INFO  main com.netflix.config.sources.URLConfigurationSource To enable URLs as dynamic configuration sources, define System property archaius.configurationSource.additionalUrls or make config.properties available on classpath.
2020-03-13 07:54:26 INFO  main org.springframework.scheduling.concurrent.ThreadPoolTaskExecutor Initializing ExecutorService 'applicationTaskExecutor'
2020-03-13 07:54:27 INFO  main org.springframework.boot.actuate.endpoint.web.EndpointLinksResolver Exposing 2 endpoint(s) beneath base path '/actuator'
2020-03-13 07:54:27 INFO  main org.springframework.cloud.netflix.eureka.InstanceInfoFactory Setting initial instance status as: STARTING
2020-03-13 07:54:27 INFO  main com.netflix.discovery.DiscoveryClient Initializing Eureka in region us-east-1
2020-03-13 07:54:27 INFO  main com.netflix.discovery.provider.DiscoveryJerseyProvider Using JSON encoding codec LegacyJacksonJson
2020-03-13 07:54:27 INFO  main com.netflix.discovery.provider.DiscoveryJerseyProvider Using JSON decoding codec LegacyJacksonJson
2020-03-13 07:54:27 INFO  main com.netflix.discovery.provider.DiscoveryJerseyProvider Using XML encoding codec XStreamXml
2020-03-13 07:54:27 INFO  main com.netflix.discovery.provider.DiscoveryJerseyProvider Using XML decoding codec XStreamXml
2020-03-13 07:54:27 INFO  main com.netflix.discovery.shared.resolver.aws.ConfigClusterResolver Resolving eureka endpoints via configuration
2020-03-13 07:54:28 INFO  main com.netflix.discovery.DiscoveryClient Disable delta property : false
2020-03-13 07:54:28 INFO  main com.netflix.discovery.DiscoveryClient Single vip registry refresh property : null
2020-03-13 07:54:28 INFO  main com.netflix.discovery.DiscoveryClient Force full registry fetch : false
2020-03-13 07:54:28 INFO  main com.netflix.discovery.DiscoveryClient Application is null : false
2020-03-13 07:54:28 INFO  main com.netflix.discovery.DiscoveryClient Registered Applications size is zero : true
2020-03-13 07:54:28 INFO  main com.netflix.discovery.DiscoveryClient Application version is -1: true
2020-03-13 07:54:28 INFO  main com.netflix.discovery.DiscoveryClient Getting all instance registry info from the eureka server
2020-03-13 07:54:29 INFO  main com.netflix.discovery.DiscoveryClient The response status is 200
2020-03-13 07:54:29 INFO  main com.netflix.discovery.DiscoveryClient Starting heartbeat executor: renew interval is: 20
2020-03-13 07:54:29 INFO  main com.netflix.discovery.InstanceInfoReplicator InstanceInfoReplicator onDemand update allowed rate per min is 4
2020-03-13 07:54:29 INFO  main com.netflix.discovery.DiscoveryClient Discovery Client initialized at timestamp 1584057269178 with initial instances count: 0
2020-03-13 07:54:29 INFO  main org.springframework.cloud.netflix.eureka.serviceregistry.EurekaServiceRegistry Registering application AUTH with eureka with status UP
2020-03-13 07:54:29 INFO  main com.netflix.discovery.DiscoveryClient Saw local status change event StatusChangeEvent [timestamp=1584057269184, current=UP, previous=STARTING]
2020-03-13 07:54:29 INFO  DiscoveryClient-InstanceInfoReplicator-0 com.netflix.discovery.DiscoveryClient DiscoveryClient_AUTH/DESKTOP-562NTM1:Auth:8802: registering service...
2020-03-13 07:54:29 INFO  main org.apache.coyote.http11.Http11NioProtocol Starting ProtocolHandler ["http-nio-8802"]
2020-03-13 07:54:29 INFO  main org.springframework.boot.web.embedded.tomcat.TomcatWebServer Tomcat started on port(s): 8802 (http) with context path '/auth'
2020-03-13 07:54:29 INFO  main org.springframework.cloud.netflix.eureka.serviceregistry.EurekaAutoServiceRegistration Updating port to 8802
2020-03-13 07:54:29 INFO  DiscoveryClient-InstanceInfoReplicator-0 com.netflix.discovery.DiscoveryClient DiscoveryClient_AUTH/DESKTOP-562NTM1:Auth:8802 - registration status: 204
2020-03-13 07:54:29 INFO  main com.zgcenv.elip.auth.AuthApplication Started AuthApplication in 12.736 seconds (JVM running for 14.378)
2020-03-13 07:54:29 INFO  main com.zgcenv.elip.auth.runner.StartedUpRunner   _   _   _   _   _   _   _   _
2020-03-13 07:54:29 INFO  main com.zgcenv.elip.auth.runner.StartedUpRunner  / \ / \ / \ / \ / \ / \ / \ / \
2020-03-13 07:54:29 INFO  main com.zgcenv.elip.auth.runner.StartedUpRunner ( c | o | m | p | l | e | t | e )
2020-03-13 07:54:29 INFO  main com.zgcenv.elip.auth.runner.StartedUpRunner  \_/ \_/ \_/ \_/ \_/ \_/ \_/ \_/
2020-03-13 07:54:29 INFO  main com.zgcenv.elip.auth.runner.StartedUpRunner Auth 启动完毕，时间：2020-03-13T07:54:29.526
2020-03-13 07:54:30 INFO  RMI TCP Connection(7)-192.168.1.13 org.apache.catalina.core.ContainerBase.[Tomcat].[localhost].[/auth] Initializing Spring DispatcherServlet 'dispatcherServlet'
2020-03-13 07:54:30 INFO  RMI TCP Connection(7)-192.168.1.13 org.springframework.web.servlet.DispatcherServlet Initializing Servlet 'dispatcherServlet'
2020-03-13 07:54:30 INFO  RMI TCP Connection(7)-192.168.1.13 org.springframework.web.servlet.DispatcherServlet Completed initialization in 9 ms
2020-03-13 07:54:30 INFO  boundedElastic-1 io.lettuce.core.EpollProvider Starting without optional epoll library
2020-03-13 07:54:30 INFO  boundedElastic-1 io.lettuce.core.KqueueProvider Starting without optional kqueue library
2020-03-13 07:54:32 INFO  DiscoveryClient-CacheRefreshExecutor-0 com.netflix.discovery.DiscoveryClient Disable delta property : false
2020-03-13 07:54:32 INFO  DiscoveryClient-CacheRefreshExecutor-0 com.netflix.discovery.DiscoveryClient Single vip registry refresh property : null
2020-03-13 07:54:32 INFO  DiscoveryClient-CacheRefreshExecutor-0 com.netflix.discovery.DiscoveryClient Force full registry fetch : false
2020-03-13 07:54:32 INFO  DiscoveryClient-CacheRefreshExecutor-0 com.netflix.discovery.DiscoveryClient Application is null : false
2020-03-13 07:54:32 INFO  DiscoveryClient-CacheRefreshExecutor-0 com.netflix.discovery.DiscoveryClient Registered Applications size is zero : true
2020-03-13 07:54:32 INFO  DiscoveryClient-CacheRefreshExecutor-0 com.netflix.discovery.DiscoveryClient Application version is -1: false
2020-03-13 07:54:32 INFO  DiscoveryClient-CacheRefreshExecutor-0 com.netflix.discovery.DiscoveryClient Getting all instance registry info from the eureka server
2020-03-13 07:54:32 INFO  DiscoveryClient-CacheRefreshExecutor-0 com.netflix.discovery.DiscoveryClient The response status is 200
2020-03-13 07:59:28 INFO  AsyncResolver-bootstrap-executor-0 com.netflix.discovery.shared.resolver.aws.ConfigClusterResolver Resolving eureka endpoints via configuration
2020-03-13 08:04:28 INFO  AsyncResolver-bootstrap-executor-0 com.netflix.discovery.shared.resolver.aws.ConfigClusterResolver Resolving eureka endpoints via configuration
2020-03-13 08:09:28 INFO  AsyncResolver-bootstrap-executor-0 com.netflix.discovery.shared.resolver.aws.ConfigClusterResolver Resolving eureka endpoints via configuration
2020-03-13 08:14:28 INFO  AsyncResolver-bootstrap-executor-0 com.netflix.discovery.shared.resolver.aws.ConfigClusterResolver Resolving eureka endpoints via configuration
2020-03-13 08:19:28 INFO  AsyncResolver-bootstrap-executor-0 com.netflix.discovery.shared.resolver.aws.ConfigClusterResolver Resolving eureka endpoints via configuration
2020-03-13 08:24:28 INFO  AsyncResolver-bootstrap-executor-0 com.netflix.discovery.shared.resolver.aws.ConfigClusterResolver Resolving eureka endpoints via configuration
2020-03-13 08:29:28 INFO  AsyncResolver-bootstrap-executor-0 com.netflix.discovery.shared.resolver.aws.ConfigClusterResolver Resolving eureka endpoints via configuration
2020-03-13 08:34:28 INFO  AsyncResolver-bootstrap-executor-0 com.netflix.discovery.shared.resolver.aws.ConfigClusterResolver Resolving eureka endpoints via configuration
2020-03-13 08:39:28 INFO  AsyncResolver-bootstrap-executor-0 com.netflix.discovery.shared.resolver.aws.ConfigClusterResolver Resolving eureka endpoints via configuration
2020-03-13 08:44:28 INFO  AsyncResolver-bootstrap-executor-0 com.netflix.discovery.shared.resolver.aws.ConfigClusterResolver Resolving eureka endpoints via configuration
2020-03-13 08:49:28 INFO  AsyncResolver-bootstrap-executor-0 com.netflix.discovery.shared.resolver.aws.ConfigClusterResolver Resolving eureka endpoints via configuration
2020-03-13 08:54:28 INFO  AsyncResolver-bootstrap-executor-0 com.netflix.discovery.shared.resolver.aws.ConfigClusterResolver Resolving eureka endpoints via configuration
2020-03-13 08:59:28 INFO  AsyncResolver-bootstrap-executor-0 com.netflix.discovery.shared.resolver.aws.ConfigClusterResolver Resolving eureka endpoints via configuration
2020-03-13 09:44:37 INFO  main com.zgcenv.elip.auth.AuthApplication No active profile set, falling back to default profiles: default
2020-03-13 09:44:38 INFO  main org.springframework.data.repository.config.RepositoryConfigurationDelegate Multiple Spring Data modules found, entering strict repository configuration mode!
2020-03-13 09:44:38 INFO  main org.springframework.data.repository.config.RepositoryConfigurationDelegate Bootstrapping Spring Data Redis repositories in DEFAULT mode.
2020-03-13 09:44:38 INFO  main org.springframework.data.repository.config.RepositoryConfigurationDelegate Finished Spring Data repository scanning in 17ms. Found 0 Redis repository interfaces.
2020-03-13 09:44:38 INFO  main org.springframework.cloud.context.scope.GenericScope BeanFactory id=008ad34b-e47a-32c8-bcd0-5ada02e854d2
2020-03-13 09:44:38 INFO  main org.springframework.context.support.PostProcessorRegistrationDelegate$BeanPostProcessorChecker Bean 'org.springframework.transaction.annotation.ProxyTransactionManagementConfiguration' of type [org.springframework.transaction.annotation.ProxyTransactionManagementConfiguration] is not eligible for getting processed by all BeanPostProcessors (for example: not eligible for auto-proxying)
2020-03-13 09:44:38 INFO  main org.springframework.context.support.PostProcessorRegistrationDelegate$BeanPostProcessorChecker Bean 'spring.datasource.dynamic-com.baomidou.dynamic.datasource.spring.boot.autoconfigure.DynamicDataSourceProperties' of type [com.baomidou.dynamic.datasource.spring.boot.autoconfigure.DynamicDataSourceProperties] is not eligible for getting processed by all BeanPostProcessors (for example: not eligible for auto-proxying)
2020-03-13 09:44:38 INFO  main org.springframework.context.support.PostProcessorRegistrationDelegate$BeanPostProcessorChecker Bean 'com.baomidou.dynamic.datasource.spring.boot.autoconfigure.DynamicDataSourceAutoConfiguration' of type [com.baomidou.dynamic.datasource.spring.boot.autoconfigure.DynamicDataSourceAutoConfiguration$$EnhancerBySpringCGLIB$$378ad726] is not eligible for getting processed by all BeanPostProcessors (for example: not eligible for auto-proxying)
2020-03-13 09:44:38 INFO  main org.springframework.context.support.PostProcessorRegistrationDelegate$BeanPostProcessorChecker Bean 'dsProcessor' of type [com.baomidou.dynamic.datasource.processor.DsHeaderProcessor] is not eligible for getting processed by all BeanPostProcessors (for example: not eligible for auto-proxying)
2020-03-13 09:44:38 INFO  main org.springframework.context.support.PostProcessorRegistrationDelegate$BeanPostProcessorChecker Bean 'dynamicDatasourceAnnotationAdvisor' of type [com.baomidou.dynamic.datasource.aop.DynamicDataSourceAnnotationAdvisor] is not eligible for getting processed by all BeanPostProcessors (for example: not eligible for auto-proxying)
2020-03-13 09:44:38 INFO  main org.springframework.context.support.PostProcessorRegistrationDelegate$BeanPostProcessorChecker Bean 'org.springframework.security.config.annotation.configuration.ObjectPostProcessorConfiguration' of type [org.springframework.security.config.annotation.configuration.ObjectPostProcessorConfiguration] is not eligible for getting processed by all BeanPostProcessors (for example: not eligible for auto-proxying)
2020-03-13 09:44:38 INFO  main org.springframework.context.support.PostProcessorRegistrationDelegate$BeanPostProcessorChecker Bean 'objectPostProcessor' of type [org.springframework.security.config.annotation.configuration.AutowireBeanFactoryObjectPostProcessor] is not eligible for getting processed by all BeanPostProcessors (for example: not eligible for auto-proxying)
2020-03-13 09:44:38 INFO  main org.springframework.context.support.PostProcessorRegistrationDelegate$BeanPostProcessorChecker Bean 'org.springframework.security.access.expression.method.DefaultMethodSecurityExpressionHandler@643d2dae' of type [org.springframework.security.oauth2.provider.expression.OAuth2MethodSecurityExpressionHandler] is not eligible for getting processed by all BeanPostProcessors (for example: not eligible for auto-proxying)
2020-03-13 09:44:38 INFO  main org.springframework.context.support.PostProcessorRegistrationDelegate$BeanPostProcessorChecker Bean 'org.springframework.security.config.annotation.method.configuration.GlobalMethodSecurityConfiguration' of type [org.springframework.security.config.annotation.method.configuration.GlobalMethodSecurityConfiguration] is not eligible for getting processed by all BeanPostProcessors (for example: not eligible for auto-proxying)
2020-03-13 09:44:38 INFO  main org.springframework.context.support.PostProcessorRegistrationDelegate$BeanPostProcessorChecker Bean 'methodSecurityMetadataSource' of type [org.springframework.security.access.method.DelegatingMethodSecurityMetadataSource] is not eligible for getting processed by all BeanPostProcessors (for example: not eligible for auto-proxying)
2020-03-13 09:44:39 INFO  main org.springframework.boot.web.embedded.tomcat.TomcatWebServer Tomcat initialized with port(s): 8802 (http)
2020-03-13 09:44:39 INFO  main org.apache.coyote.http11.Http11NioProtocol Initializing ProtocolHandler ["http-nio-8802"]
2020-03-13 09:44:39 INFO  main org.apache.catalina.core.StandardService Starting service [Tomcat]
2020-03-13 09:44:39 INFO  main org.apache.catalina.core.StandardEngine Starting Servlet engine: [Apache Tomcat/9.0.29]
2020-03-13 09:44:39 INFO  main org.apache.catalina.core.ContainerBase.[Tomcat].[localhost].[/auth] Initializing Spring embedded WebApplicationContext
2020-03-13 09:44:39 INFO  main org.springframework.web.context.ContextLoader Root WebApplicationContext: initialization completed in 2062 ms
2020-03-13 09:44:39 INFO  main com.netflix.config.sources.URLConfigurationSource To enable URLs as dynamic configuration sources, define System property archaius.configurationSource.additionalUrls or make config.properties available on classpath.
2020-03-13 09:44:39 INFO  main com.netflix.config.DynamicPropertyFactory DynamicPropertyFactory is initialized with configuration sources: com.netflix.config.ConcurrentCompositeConfiguration@1ddc6db2
2020-03-13 09:44:39 INFO  main com.zaxxer.hikari.HikariDataSource base - Starting...
2020-03-13 09:44:39 INFO  main com.zaxxer.hikari.HikariDataSource base - Start completed.
2020-03-13 09:44:39 INFO  main com.baomidou.dynamic.datasource.DynamicRoutingDataSource dynamic-datasource - load a datasource named [base] success
2020-03-13 09:44:39 INFO  main com.baomidou.dynamic.datasource.DynamicRoutingDataSource dynamic-datasource initial loaded [1] datasource,primary datasource named [base]
2020-03-13 09:44:40 INFO  main org.springframework.beans.factory.annotation.AutowiredAnnotationBeanPostProcessor Autowired annotation is not supported on static fields: private static long com.zgcenv.elip.common.utils.CustomIdGenerator.workerId
2020-03-13 09:44:40 INFO  main org.springframework.beans.factory.annotation.AutowiredAnnotationBeanPostProcessor Autowired annotation is not supported on static fields: private static long com.zgcenv.elip.common.utils.CustomIdGenerator.datacenterId
2020-03-13 09:44:40 INFO  main org.springframework.beans.factory.annotation.AutowiredAnnotationBeanPostProcessor Autowired annotation is not supported on static fields: private static long com.zgcenv.elip.common.utils.CustomIdGenerator.workerId
2020-03-13 09:44:40 INFO  main org.springframework.beans.factory.annotation.AutowiredAnnotationBeanPostProcessor Autowired annotation is not supported on static fields: private static long com.zgcenv.elip.common.utils.CustomIdGenerator.datacenterId
2020-03-13 09:44:41 INFO  main com.zgcenv.elip.auth.configure.SecurityConfigure SecurityConfigure-authenticationManagerBean
2020-03-13 09:44:41 INFO  main com.zgcenv.elip.auth.configure.AuthorizationServerConfigure AuthorizationServerConfigure-endpoints
2020-03-13 09:44:41 INFO  main com.zgcenv.elip.auth.configure.AuthorizationServerConfigure AuthorizationServerConfigure-tokenStore
2020-03-13 09:44:41 INFO  main com.zgcenv.elip.auth.configure.AuthorizationServerConfigure AuthorizationServerConfigure-ClientDetailsServiceConfigurer
2020-03-13 09:44:41 INFO  main com.zgcenv.elip.auth.configure.AuthorizationServerConfigure AuthorizationServerConfigure-jwtAccessTokenConverter
2020-03-13 09:44:41 INFO  main com.zgcenv.elip.auth.configure.AuthorizationServerConfigure AuthorizationServerConfigure-defaultTokenServices
2020-03-13 09:44:41 INFO  main com.zgcenv.elip.auth.configure.AuthorizationServerConfigure AuthorizationServerConfigure-oAuth2RequestFactory
2020-03-13 09:44:41 INFO  main com.zgcenv.elip.auth.configure.AuthorizationServerConfigure AuthorizationServerConfigure-resourceOwnerPasswordTokenGranter
2020-03-13 09:44:42 INFO  main com.zgcenv.elip.auth.configure.AuthorizationServerConfigure AuthorizationServerConfigure-security
2020-03-13 09:44:42 INFO  main com.zgcenv.elip.auth.configure.SecurityConfigure SecurityConfigure-configure-auth
2020-03-13 09:44:42 INFO  main com.zgcenv.elip.auth.configure.SecurityConfigure SecurityConfigure-configure-http
2020-03-13 09:44:42 INFO  main com.zgcenv.elip.auth.configure.ResourceServerConfigure ResourceServerConfigure-configure-resources
2020-03-13 09:44:42 INFO  main com.zgcenv.elip.auth.configure.ResourceServerConfigure ResourceServerConfigure-configure-http
2020-03-13 09:44:42 INFO  main com.zgcenv.elip.auth.configure.ResourceServerConfigure /captcha
2020-03-13 09:44:42 INFO  main org.springframework.security.web.DefaultSecurityFilterChain Creating filter chain: OrRequestMatcher [requestMatchers=[Ant [pattern='/oauth/token'], Ant [pattern='/oauth/token_key'], Ant [pattern='/oauth/check_token']]], [org.springframework.security.web.context.request.async.WebAsyncManagerIntegrationFilter@1e5aacd9, org.springframework.security.web.context.SecurityContextPersistenceFilter@26865b57, org.springframework.security.web.header.HeaderWriterFilter@7a1ddbf1, org.springframework.security.web.authentication.logout.LogoutFilter@605eb072, org.springframework.security.web.authentication.www.BasicAuthenticationFilter@77d0dbba, org.springframework.security.web.savedrequest.RequestCacheAwareFilter@596afb2f, org.springframework.security.web.servletapi.SecurityContextHolderAwareRequestFilter@3e39f08c, org.springframework.security.web.authentication.AnonymousAuthenticationFilter@7d90644f, org.springframework.security.web.session.SessionManagementFilter@43ab9ae9, org.springframework.security.web.access.ExceptionTranslationFilter@7da77305, org.springframework.security.web.access.intercept.FilterSecurityInterceptor@210635fd]
2020-03-13 09:44:42 INFO  main org.springframework.security.web.DefaultSecurityFilterChain Creating filter chain: OrRequestMatcher [requestMatchers=[Ant [pattern='/oauth/**']]], [org.springframework.security.web.context.request.async.WebAsyncManagerIntegrationFilter@1de08775, org.springframework.security.web.context.SecurityContextPersistenceFilter@6efd0a6e, org.springframework.security.web.header.HeaderWriterFilter@333a44f2, org.springframework.security.web.authentication.logout.LogoutFilter@2e159116, com.zgcenv.elip.common.filter.ValidateCodeFilter@65600fb3, org.springframework.security.web.savedrequest.RequestCacheAwareFilter@51de5efa, org.springframework.security.web.servletapi.SecurityContextHolderAwareRequestFilter@30228de7, org.springframework.security.web.authentication.AnonymousAuthenticationFilter@2dbf2da, org.springframework.security.web.session.SessionManagementFilter@2c668c2a, org.springframework.security.web.access.ExceptionTranslationFilter@1a34a51e, org.springframework.security.web.access.intercept.FilterSecurityInterceptor@6996bbc4]
2020-03-13 09:44:42 INFO  main org.springframework.security.web.DefaultSecurityFilterChain Creating filter chain: OrRequestMatcher [requestMatchers=[Ant [pattern='/**']]], [org.springframework.security.web.context.request.async.WebAsyncManagerIntegrationFilter@7856f41a, org.springframework.security.web.context.SecurityContextPersistenceFilter@503a7990, org.springframework.security.web.header.HeaderWriterFilter@7b3feb26, org.springframework.security.web.authentication.logout.LogoutFilter@36c783ca, org.springframework.security.oauth2.provider.authentication.OAuth2AuthenticationProcessingFilter@2335aef2, org.springframework.security.web.authentication.www.BasicAuthenticationFilter@14dbfdb1, org.springframework.security.web.savedrequest.RequestCacheAwareFilter@69a90b81, org.springframework.security.web.servletapi.SecurityContextHolderAwareRequestFilter@6dcbbb49, org.springframework.security.web.authentication.AnonymousAuthenticationFilter@5fbae40, org.springframework.security.web.session.SessionManagementFilter@2e4ecdf8, org.springframework.security.web.access.ExceptionTranslationFilter@7e38e254, org.springframework.security.web.access.intercept.FilterSecurityInterceptor@a047bdb]
2020-03-13 09:44:42 INFO  main com.netflix.config.sources.URLConfigurationSource To enable URLs as dynamic configuration sources, define System property archaius.configurationSource.additionalUrls or make config.properties available on classpath.
2020-03-13 09:44:42 INFO  main org.springframework.scheduling.concurrent.ThreadPoolTaskExecutor Initializing ExecutorService 'applicationTaskExecutor'
2020-03-13 09:44:43 INFO  main org.springframework.boot.actuate.endpoint.web.EndpointLinksResolver Exposing 2 endpoint(s) beneath base path '/actuator'
2020-03-13 09:44:43 INFO  main org.springframework.cloud.netflix.eureka.InstanceInfoFactory Setting initial instance status as: STARTING
2020-03-13 09:44:43 INFO  main com.netflix.discovery.DiscoveryClient Initializing Eureka in region us-east-1
2020-03-13 09:44:43 INFO  main com.netflix.discovery.provider.DiscoveryJerseyProvider Using JSON encoding codec LegacyJacksonJson
2020-03-13 09:44:43 INFO  main com.netflix.discovery.provider.DiscoveryJerseyProvider Using JSON decoding codec LegacyJacksonJson
2020-03-13 09:44:43 INFO  main com.netflix.discovery.provider.DiscoveryJerseyProvider Using XML encoding codec XStreamXml
2020-03-13 09:44:43 INFO  main com.netflix.discovery.provider.DiscoveryJerseyProvider Using XML decoding codec XStreamXml
2020-03-13 09:44:43 INFO  main com.netflix.discovery.shared.resolver.aws.ConfigClusterResolver Resolving eureka endpoints via configuration
2020-03-13 09:44:44 INFO  main com.netflix.discovery.DiscoveryClient Disable delta property : false
2020-03-13 09:44:44 INFO  main com.netflix.discovery.DiscoveryClient Single vip registry refresh property : null
2020-03-13 09:44:44 INFO  main com.netflix.discovery.DiscoveryClient Force full registry fetch : false
2020-03-13 09:44:44 INFO  main com.netflix.discovery.DiscoveryClient Application is null : false
2020-03-13 09:44:44 INFO  main com.netflix.discovery.DiscoveryClient Registered Applications size is zero : true
2020-03-13 09:44:44 INFO  main com.netflix.discovery.DiscoveryClient Application version is -1: true
2020-03-13 09:44:44 INFO  main com.netflix.discovery.DiscoveryClient Getting all instance registry info from the eureka server
2020-03-13 09:44:44 INFO  main com.netflix.discovery.DiscoveryClient The response status is 200
2020-03-13 09:44:44 INFO  main com.netflix.discovery.DiscoveryClient Starting heartbeat executor: renew interval is: 20
2020-03-13 09:44:44 INFO  main com.netflix.discovery.InstanceInfoReplicator InstanceInfoReplicator onDemand update allowed rate per min is 4
2020-03-13 09:44:44 INFO  main com.netflix.discovery.DiscoveryClient Discovery Client initialized at timestamp 1584063884172 with initial instances count: 0
2020-03-13 09:44:44 INFO  main org.springframework.cloud.netflix.eureka.serviceregistry.EurekaServiceRegistry Registering application AUTH with eureka with status UP
2020-03-13 09:44:44 INFO  main com.netflix.discovery.DiscoveryClient Saw local status change event StatusChangeEvent [timestamp=1584063884177, current=UP, previous=STARTING]
2020-03-13 09:44:44 INFO  DiscoveryClient-InstanceInfoReplicator-0 com.netflix.discovery.DiscoveryClient DiscoveryClient_AUTH/DESKTOP-562NTM1:Auth:8802: registering service...
2020-03-13 09:44:44 INFO  main org.apache.coyote.http11.Http11NioProtocol Starting ProtocolHandler ["http-nio-8802"]
2020-03-13 09:44:44 INFO  main org.springframework.boot.web.embedded.tomcat.TomcatWebServer Tomcat started on port(s): 8802 (http) with context path '/auth'
2020-03-13 09:44:44 INFO  main org.springframework.cloud.netflix.eureka.serviceregistry.EurekaAutoServiceRegistration Updating port to 8802
2020-03-13 09:44:44 INFO  DiscoveryClient-InstanceInfoReplicator-0 com.netflix.discovery.DiscoveryClient DiscoveryClient_AUTH/DESKTOP-562NTM1:Auth:8802 - registration status: 204
2020-03-13 09:44:44 INFO  main com.zgcenv.elip.auth.AuthApplication Started AuthApplication in 8.707 seconds (JVM running for 9.979)
2020-03-13 09:44:44 INFO  main com.zgcenv.elip.auth.runner.StartedUpRunner   _   _   _   _   _   _   _   _
2020-03-13 09:44:44 INFO  main com.zgcenv.elip.auth.runner.StartedUpRunner  / \ / \ / \ / \ / \ / \ / \ / \
2020-03-13 09:44:44 INFO  main com.zgcenv.elip.auth.runner.StartedUpRunner ( c | o | m | p | l | e | t | e )
2020-03-13 09:44:44 INFO  main com.zgcenv.elip.auth.runner.StartedUpRunner  \_/ \_/ \_/ \_/ \_/ \_/ \_/ \_/
2020-03-13 09:44:44 INFO  main com.zgcenv.elip.auth.runner.StartedUpRunner Auth 启动完毕，时间：2020-03-13T09:44:44.437
2020-03-13 09:44:45 INFO  boundedElastic-1 io.lettuce.core.EpollProvider Starting without optional epoll library
2020-03-13 09:44:45 INFO  boundedElastic-1 io.lettuce.core.KqueueProvider Starting without optional kqueue library
2020-03-13 09:44:45 INFO  RMI TCP Connection(7)-192.168.3.194 org.apache.catalina.core.ContainerBase.[Tomcat].[localhost].[/auth] Initializing Spring DispatcherServlet 'dispatcherServlet'
2020-03-13 09:44:45 INFO  RMI TCP Connection(7)-192.168.3.194 org.springframework.web.servlet.DispatcherServlet Initializing Servlet 'dispatcherServlet'
2020-03-13 09:44:45 INFO  RMI TCP Connection(7)-192.168.3.194 org.springframework.web.servlet.DispatcherServlet Completed initialization in 5 ms
2020-03-13 09:44:47 INFO  DiscoveryClient-CacheRefreshExecutor-0 com.netflix.discovery.DiscoveryClient Disable delta property : false
2020-03-13 09:44:47 INFO  DiscoveryClient-CacheRefreshExecutor-0 com.netflix.discovery.DiscoveryClient Single vip registry refresh property : null
2020-03-13 09:44:47 INFO  DiscoveryClient-CacheRefreshExecutor-0 com.netflix.discovery.DiscoveryClient Force full registry fetch : false
2020-03-13 09:44:47 INFO  DiscoveryClient-CacheRefreshExecutor-0 com.netflix.discovery.DiscoveryClient Application is null : false
2020-03-13 09:44:47 INFO  DiscoveryClient-CacheRefreshExecutor-0 com.netflix.discovery.DiscoveryClient Registered Applications size is zero : true
2020-03-13 09:44:47 INFO  DiscoveryClient-CacheRefreshExecutor-0 com.netflix.discovery.DiscoveryClient Application version is -1: false
2020-03-13 09:44:47 INFO  DiscoveryClient-CacheRefreshExecutor-0 com.netflix.discovery.DiscoveryClient Getting all instance registry info from the eureka server
2020-03-13 09:44:47 INFO  DiscoveryClient-CacheRefreshExecutor-0 com.netflix.discovery.DiscoveryClient The response status is 200
2020-03-13 09:44:50 INFO  DiscoveryClient-CacheRefreshExecutor-0 com.netflix.discovery.DiscoveryClient Disable delta property : false
2020-03-13 09:44:50 INFO  DiscoveryClient-CacheRefreshExecutor-0 com.netflix.discovery.DiscoveryClient Single vip registry refresh property : null
2020-03-13 09:44:50 INFO  DiscoveryClient-CacheRefreshExecutor-0 com.netflix.discovery.DiscoveryClient Force full registry fetch : false
2020-03-13 09:44:50 INFO  DiscoveryClient-CacheRefreshExecutor-0 com.netflix.discovery.DiscoveryClient Application is null : false
2020-03-13 09:44:50 INFO  DiscoveryClient-CacheRefreshExecutor-0 com.netflix.discovery.DiscoveryClient Registered Applications size is zero : true
2020-03-13 09:44:50 INFO  DiscoveryClient-CacheRefreshExecutor-0 com.netflix.discovery.DiscoveryClient Application version is -1: false
2020-03-13 09:44:50 INFO  DiscoveryClient-CacheRefreshExecutor-0 com.netflix.discovery.DiscoveryClient Getting all instance registry info from the eureka server
2020-03-13 09:44:50 INFO  DiscoveryClient-CacheRefreshExecutor-0 com.netflix.discovery.DiscoveryClient The response status is 200
2020-03-13 09:44:53 INFO  DiscoveryClient-CacheRefreshExecutor-0 com.netflix.discovery.DiscoveryClient Disable delta property : false
2020-03-13 09:44:53 INFO  DiscoveryClient-CacheRefreshExecutor-0 com.netflix.discovery.DiscoveryClient Single vip registry refresh property : null
2020-03-13 09:44:53 INFO  DiscoveryClient-CacheRefreshExecutor-0 com.netflix.discovery.DiscoveryClient Force full registry fetch : false
2020-03-13 09:44:53 INFO  DiscoveryClient-CacheRefreshExecutor-0 com.netflix.discovery.DiscoveryClient Application is null : false
2020-03-13 09:44:53 INFO  DiscoveryClient-CacheRefreshExecutor-0 com.netflix.discovery.DiscoveryClient Registered Applications size is zero : true
2020-03-13 09:44:53 INFO  DiscoveryClient-CacheRefreshExecutor-0 com.netflix.discovery.DiscoveryClient Application version is -1: false
2020-03-13 09:44:53 INFO  DiscoveryClient-CacheRefreshExecutor-0 com.netflix.discovery.DiscoveryClient Getting all instance registry info from the eureka server
2020-03-13 09:44:53 INFO  DiscoveryClient-CacheRefreshExecutor-0 com.netflix.discovery.DiscoveryClient The response status is 200
2020-03-13 09:44:56 INFO  DiscoveryClient-CacheRefreshExecutor-0 com.netflix.discovery.DiscoveryClient Disable delta property : false
2020-03-13 09:44:56 INFO  DiscoveryClient-CacheRefreshExecutor-0 com.netflix.discovery.DiscoveryClient Single vip registry refresh property : null
2020-03-13 09:44:56 INFO  DiscoveryClient-CacheRefreshExecutor-0 com.netflix.discovery.DiscoveryClient Force full registry fetch : false
2020-03-13 09:44:56 INFO  DiscoveryClient-CacheRefreshExecutor-0 com.netflix.discovery.DiscoveryClient Application is null : false
2020-03-13 09:44:56 INFO  DiscoveryClient-CacheRefreshExecutor-0 com.netflix.discovery.DiscoveryClient Registered Applications size is zero : true
2020-03-13 09:44:56 INFO  DiscoveryClient-CacheRefreshExecutor-0 com.netflix.discovery.DiscoveryClient Application version is -1: false
2020-03-13 09:44:56 INFO  DiscoveryClient-CacheRefreshExecutor-0 com.netflix.discovery.DiscoveryClient Getting all instance registry info from the eureka server
2020-03-13 09:44:56 INFO  DiscoveryClient-CacheRefreshExecutor-0 com.netflix.discovery.DiscoveryClient The response status is 200
2020-03-13 09:44:59 INFO  DiscoveryClient-CacheRefreshExecutor-0 com.netflix.discovery.DiscoveryClient Disable delta property : false
2020-03-13 09:44:59 INFO  DiscoveryClient-CacheRefreshExecutor-0 com.netflix.discovery.DiscoveryClient Single vip registry refresh property : null
2020-03-13 09:44:59 INFO  DiscoveryClient-CacheRefreshExecutor-0 com.netflix.discovery.DiscoveryClient Force full registry fetch : false
2020-03-13 09:44:59 INFO  DiscoveryClient-CacheRefreshExecutor-0 com.netflix.discovery.DiscoveryClient Application is null : false
2020-03-13 09:44:59 INFO  DiscoveryClient-CacheRefreshExecutor-0 com.netflix.discovery.DiscoveryClient Registered Applications size is zero : true
2020-03-13 09:44:59 INFO  DiscoveryClient-CacheRefreshExecutor-0 com.netflix.discovery.DiscoveryClient Application version is -1: false
2020-03-13 09:44:59 INFO  DiscoveryClient-CacheRefreshExecutor-0 com.netflix.discovery.DiscoveryClient Getting all instance registry info from the eureka server
2020-03-13 09:44:59 INFO  DiscoveryClient-CacheRefreshExecutor-0 com.netflix.discovery.DiscoveryClient The response status is 200
2020-03-13 09:45:02 INFO  DiscoveryClient-CacheRefreshExecutor-0 com.netflix.discovery.DiscoveryClient Disable delta property : false
2020-03-13 09:45:02 INFO  DiscoveryClient-CacheRefreshExecutor-0 com.netflix.discovery.DiscoveryClient Single vip registry refresh property : null
2020-03-13 09:45:02 INFO  DiscoveryClient-CacheRefreshExecutor-0 com.netflix.discovery.DiscoveryClient Force full registry fetch : false
2020-03-13 09:45:02 INFO  DiscoveryClient-CacheRefreshExecutor-0 com.netflix.discovery.DiscoveryClient Application is null : false
2020-03-13 09:45:02 INFO  DiscoveryClient-CacheRefreshExecutor-0 com.netflix.discovery.DiscoveryClient Registered Applications size is zero : true
2020-03-13 09:45:02 INFO  DiscoveryClient-CacheRefreshExecutor-0 com.netflix.discovery.DiscoveryClient Application version is -1: false
2020-03-13 09:45:02 INFO  DiscoveryClient-CacheRefreshExecutor-0 com.netflix.discovery.DiscoveryClient Getting all instance registry info from the eureka server
2020-03-13 09:45:02 INFO  DiscoveryClient-CacheRefreshExecutor-0 com.netflix.discovery.DiscoveryClient The response status is 200
2020-03-13 09:49:44 INFO  AsyncResolver-bootstrap-executor-0 com.netflix.discovery.shared.resolver.aws.ConfigClusterResolver Resolving eureka endpoints via configuration
2020-03-13 09:54:44 INFO  AsyncResolver-bootstrap-executor-0 com.netflix.discovery.shared.resolver.aws.ConfigClusterResolver Resolving eureka endpoints via configuration
2020-03-13 09:59:44 INFO  AsyncResolver-bootstrap-executor-0 com.netflix.discovery.shared.resolver.aws.ConfigClusterResolver Resolving eureka endpoints via configuration
2020-03-13 10:04:44 INFO  AsyncResolver-bootstrap-executor-0 com.netflix.discovery.shared.resolver.aws.ConfigClusterResolver Resolving eureka endpoints via configuration
2020-03-13 10:09:44 INFO  AsyncResolver-bootstrap-executor-0 com.netflix.discovery.shared.resolver.aws.ConfigClusterResolver Resolving eureka endpoints via configuration
2020-03-13 10:14:44 INFO  AsyncResolver-bootstrap-executor-0 com.netflix.discovery.shared.resolver.aws.ConfigClusterResolver Resolving eureka endpoints via configuration
2020-03-13 10:19:44 INFO  AsyncResolver-bootstrap-executor-0 com.netflix.discovery.shared.resolver.aws.ConfigClusterResolver Resolving eureka endpoints via configuration
2020-03-13 10:24:44 INFO  AsyncResolver-bootstrap-executor-0 com.netflix.discovery.shared.resolver.aws.ConfigClusterResolver Resolving eureka endpoints via configuration
2020-03-13 10:29:44 INFO  AsyncResolver-bootstrap-executor-0 com.netflix.discovery.shared.resolver.aws.ConfigClusterResolver Resolving eureka endpoints via configuration
2020-03-13 10:34:44 INFO  AsyncResolver-bootstrap-executor-0 com.netflix.discovery.shared.resolver.aws.ConfigClusterResolver Resolving eureka endpoints via configuration
2020-03-13 10:39:44 INFO  AsyncResolver-bootstrap-executor-0 com.netflix.discovery.shared.resolver.aws.ConfigClusterResolver Resolving eureka endpoints via configuration
2020-03-13 10:44:44 INFO  AsyncResolver-bootstrap-executor-0 com.netflix.discovery.shared.resolver.aws.ConfigClusterResolver Resolving eureka endpoints via configuration
2020-03-13 10:49:44 INFO  AsyncResolver-bootstrap-executor-0 com.netflix.discovery.shared.resolver.aws.ConfigClusterResolver Resolving eureka endpoints via configuration
2020-03-13 10:54:44 INFO  AsyncResolver-bootstrap-executor-0 com.netflix.discovery.shared.resolver.aws.ConfigClusterResolver Resolving eureka endpoints via configuration
2020-03-13 10:59:44 INFO  AsyncResolver-bootstrap-executor-0 com.netflix.discovery.shared.resolver.aws.ConfigClusterResolver Resolving eureka endpoints via configuration
2020-03-13 11:04:44 INFO  AsyncResolver-bootstrap-executor-0 com.netflix.discovery.shared.resolver.aws.ConfigClusterResolver Resolving eureka endpoints via configuration
2020-03-13 11:09:44 INFO  AsyncResolver-bootstrap-executor-0 com.netflix.discovery.shared.resolver.aws.ConfigClusterResolver Resolving eureka endpoints via configuration
2020-03-13 11:14:44 INFO  AsyncResolver-bootstrap-executor-0 com.netflix.discovery.shared.resolver.aws.ConfigClusterResolver Resolving eureka endpoints via configuration
2020-03-13 11:19:44 INFO  AsyncResolver-bootstrap-executor-0 com.netflix.discovery.shared.resolver.aws.ConfigClusterResolver Resolving eureka endpoints via configuration
2020-03-13 11:24:44 INFO  AsyncResolver-bootstrap-executor-0 com.netflix.discovery.shared.resolver.aws.ConfigClusterResolver Resolving eureka endpoints via configuration
2020-03-13 11:29:44 INFO  AsyncResolver-bootstrap-executor-0 com.netflix.discovery.shared.resolver.aws.ConfigClusterResolver Resolving eureka endpoints via configuration
2020-03-13 11:34:44 INFO  AsyncResolver-bootstrap-executor-0 com.netflix.discovery.shared.resolver.aws.ConfigClusterResolver Resolving eureka endpoints via configuration
2020-03-13 11:39:44 INFO  AsyncResolver-bootstrap-executor-0 com.netflix.discovery.shared.resolver.aws.ConfigClusterResolver Resolving eureka endpoints via configuration
2020-03-13 11:44:44 INFO  AsyncResolver-bootstrap-executor-0 com.netflix.discovery.shared.resolver.aws.ConfigClusterResolver Resolving eureka endpoints via configuration
2020-03-13 11:49:44 INFO  AsyncResolver-bootstrap-executor-0 com.netflix.discovery.shared.resolver.aws.ConfigClusterResolver Resolving eureka endpoints via configuration
2020-03-13 11:54:44 INFO  AsyncResolver-bootstrap-executor-0 com.netflix.discovery.shared.resolver.aws.ConfigClusterResolver Resolving eureka endpoints via configuration
2020-03-13 11:59:44 INFO  AsyncResolver-bootstrap-executor-0 com.netflix.discovery.shared.resolver.aws.ConfigClusterResolver Resolving eureka endpoints via configuration
2020-03-13 12:04:44 INFO  AsyncResolver-bootstrap-executor-0 com.netflix.discovery.shared.resolver.aws.ConfigClusterResolver Resolving eureka endpoints via configuration
2020-03-13 12:09:44 INFO  AsyncResolver-bootstrap-executor-0 com.netflix.discovery.shared.resolver.aws.ConfigClusterResolver Resolving eureka endpoints via configuration
2020-03-13 12:14:44 INFO  AsyncResolver-bootstrap-executor-0 com.netflix.discovery.shared.resolver.aws.ConfigClusterResolver Resolving eureka endpoints via configuration
2020-03-13 12:19:44 INFO  AsyncResolver-bootstrap-executor-0 com.netflix.discovery.shared.resolver.aws.ConfigClusterResolver Resolving eureka endpoints via configuration
2020-03-13 12:24:44 INFO  AsyncResolver-bootstrap-executor-0 com.netflix.discovery.shared.resolver.aws.ConfigClusterResolver Resolving eureka endpoints via configuration
2020-03-13 12:29:44 INFO  AsyncResolver-bootstrap-executor-0 com.netflix.discovery.shared.resolver.aws.ConfigClusterResolver Resolving eureka endpoints via configuration
2020-03-13 12:34:44 INFO  AsyncResolver-bootstrap-executor-0 com.netflix.discovery.shared.resolver.aws.ConfigClusterResolver Resolving eureka endpoints via configuration
2020-03-13 12:39:44 INFO  AsyncResolver-bootstrap-executor-0 com.netflix.discovery.shared.resolver.aws.ConfigClusterResolver Resolving eureka endpoints via configuration
2020-03-13 12:44:44 INFO  AsyncResolver-bootstrap-executor-0 com.netflix.discovery.shared.resolver.aws.ConfigClusterResolver Resolving eureka endpoints via configuration
2020-03-13 12:49:44 INFO  AsyncResolver-bootstrap-executor-0 com.netflix.discovery.shared.resolver.aws.ConfigClusterResolver Resolving eureka endpoints via configuration
2020-03-13 12:54:44 INFO  AsyncResolver-bootstrap-executor-0 com.netflix.discovery.shared.resolver.aws.ConfigClusterResolver Resolving eureka endpoints via configuration
2020-03-13 12:59:44 INFO  AsyncResolver-bootstrap-executor-0 com.netflix.discovery.shared.resolver.aws.ConfigClusterResolver Resolving eureka endpoints via configuration
2020-03-13 13:04:44 INFO  AsyncResolver-bootstrap-executor-0 com.netflix.discovery.shared.resolver.aws.ConfigClusterResolver Resolving eureka endpoints via configuration
2020-03-13 13:09:44 INFO  AsyncResolver-bootstrap-executor-0 com.netflix.discovery.shared.resolver.aws.ConfigClusterResolver Resolving eureka endpoints via configuration
2020-03-13 13:14:44 INFO  AsyncResolver-bootstrap-executor-0 com.netflix.discovery.shared.resolver.aws.ConfigClusterResolver Resolving eureka endpoints via configuration
2020-03-13 13:19:44 INFO  AsyncResolver-bootstrap-executor-0 com.netflix.discovery.shared.resolver.aws.ConfigClusterResolver Resolving eureka endpoints via configuration
2020-03-13 13:24:44 INFO  AsyncResolver-bootstrap-executor-0 com.netflix.discovery.shared.resolver.aws.ConfigClusterResolver Resolving eureka endpoints via configuration
2020-03-13 13:29:44 INFO  AsyncResolver-bootstrap-executor-0 com.netflix.discovery.shared.resolver.aws.ConfigClusterResolver Resolving eureka endpoints via configuration
2020-03-13 13:34:44 INFO  AsyncResolver-bootstrap-executor-0 com.netflix.discovery.shared.resolver.aws.ConfigClusterResolver Resolving eureka endpoints via configuration
2020-03-13 13:39:44 INFO  AsyncResolver-bootstrap-executor-0 com.netflix.discovery.shared.resolver.aws.ConfigClusterResolver Resolving eureka endpoints via configuration
2020-03-13 13:44:44 INFO  AsyncResolver-bootstrap-executor-0 com.netflix.discovery.shared.resolver.aws.ConfigClusterResolver Resolving eureka endpoints via configuration
2020-03-13 13:49:44 INFO  AsyncResolver-bootstrap-executor-0 com.netflix.discovery.shared.resolver.aws.ConfigClusterResolver Resolving eureka endpoints via configuration
2020-03-13 13:54:44 INFO  AsyncResolver-bootstrap-executor-0 com.netflix.discovery.shared.resolver.aws.ConfigClusterResolver Resolving eureka endpoints via configuration
2020-03-13 13:59:44 INFO  AsyncResolver-bootstrap-executor-0 com.netflix.discovery.shared.resolver.aws.ConfigClusterResolver Resolving eureka endpoints via configuration
2020-03-13 14:04:44 INFO  AsyncResolver-bootstrap-executor-0 com.netflix.discovery.shared.resolver.aws.ConfigClusterResolver Resolving eureka endpoints via configuration
2020-03-13 14:09:44 INFO  AsyncResolver-bootstrap-executor-0 com.netflix.discovery.shared.resolver.aws.ConfigClusterResolver Resolving eureka endpoints via configuration
2020-03-13 14:14:44 INFO  AsyncResolver-bootstrap-executor-0 com.netflix.discovery.shared.resolver.aws.ConfigClusterResolver Resolving eureka endpoints via configuration
2020-03-13 14:19:44 INFO  AsyncResolver-bootstrap-executor-0 com.netflix.discovery.shared.resolver.aws.ConfigClusterResolver Resolving eureka endpoints via configuration
2020-03-13 14:24:44 INFO  AsyncResolver-bootstrap-executor-0 com.netflix.discovery.shared.resolver.aws.ConfigClusterResolver Resolving eureka endpoints via configuration
2020-03-13 14:29:44 INFO  AsyncResolver-bootstrap-executor-0 com.netflix.discovery.shared.resolver.aws.ConfigClusterResolver Resolving eureka endpoints via configuration
2020-03-13 14:34:44 INFO  AsyncResolver-bootstrap-executor-0 com.netflix.discovery.shared.resolver.aws.ConfigClusterResolver Resolving eureka endpoints via configuration
2020-03-13 14:39:44 INFO  AsyncResolver-bootstrap-executor-0 com.netflix.discovery.shared.resolver.aws.ConfigClusterResolver Resolving eureka endpoints via configuration
2020-03-13 14:44:44 INFO  AsyncResolver-bootstrap-executor-0 com.netflix.discovery.shared.resolver.aws.ConfigClusterResolver Resolving eureka endpoints via configuration
2020-03-13 14:49:44 INFO  AsyncResolver-bootstrap-executor-0 com.netflix.discovery.shared.resolver.aws.ConfigClusterResolver Resolving eureka endpoints via configuration
2020-03-13 14:54:44 INFO  AsyncResolver-bootstrap-executor-0 com.netflix.discovery.shared.resolver.aws.ConfigClusterResolver Resolving eureka endpoints via configuration
2020-03-13 14:59:44 INFO  AsyncResolver-bootstrap-executor-0 com.netflix.discovery.shared.resolver.aws.ConfigClusterResolver Resolving eureka endpoints via configuration
2020-03-13 15:04:44 INFO  AsyncResolver-bootstrap-executor-0 com.netflix.discovery.shared.resolver.aws.ConfigClusterResolver Resolving eureka endpoints via configuration
2020-03-13 15:09:44 INFO  AsyncResolver-bootstrap-executor-0 com.netflix.discovery.shared.resolver.aws.ConfigClusterResolver Resolving eureka endpoints via configuration
2020-03-13 15:14:44 INFO  AsyncResolver-bootstrap-executor-0 com.netflix.discovery.shared.resolver.aws.ConfigClusterResolver Resolving eureka endpoints via configuration
2020-03-13 15:19:44 INFO  AsyncResolver-bootstrap-executor-0 com.netflix.discovery.shared.resolver.aws.ConfigClusterResolver Resolving eureka endpoints via configuration
2020-03-13 15:24:44 INFO  AsyncResolver-bootstrap-executor-0 com.netflix.discovery.shared.resolver.aws.ConfigClusterResolver Resolving eureka endpoints via configuration
2020-03-13 15:29:44 INFO  AsyncResolver-bootstrap-executor-0 com.netflix.discovery.shared.resolver.aws.ConfigClusterResolver Resolving eureka endpoints via configuration
2020-03-13 15:34:44 INFO  AsyncResolver-bootstrap-executor-0 com.netflix.discovery.shared.resolver.aws.ConfigClusterResolver Resolving eureka endpoints via configuration
2020-03-13 15:39:44 INFO  AsyncResolver-bootstrap-executor-0 com.netflix.discovery.shared.resolver.aws.ConfigClusterResolver Resolving eureka endpoints via configuration
2020-03-13 15:44:44 INFO  AsyncResolver-bootstrap-executor-0 com.netflix.discovery.shared.resolver.aws.ConfigClusterResolver Resolving eureka endpoints via configuration
2020-03-13 15:49:44 INFO  AsyncResolver-bootstrap-executor-0 com.netflix.discovery.shared.resolver.aws.ConfigClusterResolver Resolving eureka endpoints via configuration
2020-03-13 15:54:44 INFO  AsyncResolver-bootstrap-executor-0 com.netflix.discovery.shared.resolver.aws.ConfigClusterResolver Resolving eureka endpoints via configuration
2020-03-13 15:59:44 INFO  AsyncResolver-bootstrap-executor-0 com.netflix.discovery.shared.resolver.aws.ConfigClusterResolver Resolving eureka endpoints via configuration
2020-03-13 16:04:44 INFO  AsyncResolver-bootstrap-executor-0 com.netflix.discovery.shared.resolver.aws.ConfigClusterResolver Resolving eureka endpoints via configuration
2020-03-13 16:09:44 INFO  AsyncResolver-bootstrap-executor-0 com.netflix.discovery.shared.resolver.aws.ConfigClusterResolver Resolving eureka endpoints via configuration
2020-03-13 16:14:44 INFO  AsyncResolver-bootstrap-executor-0 com.netflix.discovery.shared.resolver.aws.ConfigClusterResolver Resolving eureka endpoints via configuration
2020-03-13 16:19:44 INFO  AsyncResolver-bootstrap-executor-0 com.netflix.discovery.shared.resolver.aws.ConfigClusterResolver Resolving eureka endpoints via configuration
2020-03-13 16:24:44 INFO  AsyncResolver-bootstrap-executor-0 com.netflix.discovery.shared.resolver.aws.ConfigClusterResolver Resolving eureka endpoints via configuration
2020-03-13 16:29:44 INFO  AsyncResolver-bootstrap-executor-0 com.netflix.discovery.shared.resolver.aws.ConfigClusterResolver Resolving eureka endpoints via configuration
2020-03-13 16:34:44 INFO  AsyncResolver-bootstrap-executor-0 com.netflix.discovery.shared.resolver.aws.ConfigClusterResolver Resolving eureka endpoints via configuration
2020-03-13 16:39:44 INFO  AsyncResolver-bootstrap-executor-0 com.netflix.discovery.shared.resolver.aws.ConfigClusterResolver Resolving eureka endpoints via configuration
2020-03-13 16:44:44 INFO  AsyncResolver-bootstrap-executor-0 com.netflix.discovery.shared.resolver.aws.ConfigClusterResolver Resolving eureka endpoints via configuration
2020-03-13 16:49:44 INFO  AsyncResolver-bootstrap-executor-0 com.netflix.discovery.shared.resolver.aws.ConfigClusterResolver Resolving eureka endpoints via configuration
2020-03-13 16:54:44 INFO  AsyncResolver-bootstrap-executor-0 com.netflix.discovery.shared.resolver.aws.ConfigClusterResolver Resolving eureka endpoints via configuration
2020-03-13 16:59:44 INFO  AsyncResolver-bootstrap-executor-0 com.netflix.discovery.shared.resolver.aws.ConfigClusterResolver Resolving eureka endpoints via configuration
2020-03-13 17:04:44 INFO  AsyncResolver-bootstrap-executor-0 com.netflix.discovery.shared.resolver.aws.ConfigClusterResolver Resolving eureka endpoints via configuration
2020-03-13 17:09:44 INFO  AsyncResolver-bootstrap-executor-0 com.netflix.discovery.shared.resolver.aws.ConfigClusterResolver Resolving eureka endpoints via configuration
2020-03-13 17:14:44 INFO  AsyncResolver-bootstrap-executor-0 com.netflix.discovery.shared.resolver.aws.ConfigClusterResolver Resolving eureka endpoints via configuration
2020-03-13 17:19:44 INFO  AsyncResolver-bootstrap-executor-0 com.netflix.discovery.shared.resolver.aws.ConfigClusterResolver Resolving eureka endpoints via configuration
2020-03-13 17:24:44 INFO  AsyncResolver-bootstrap-executor-0 com.netflix.discovery.shared.resolver.aws.ConfigClusterResolver Resolving eureka endpoints via configuration
2020-03-13 17:29:44 INFO  AsyncResolver-bootstrap-executor-0 com.netflix.discovery.shared.resolver.aws.ConfigClusterResolver Resolving eureka endpoints via configuration
2020-03-13 17:34:44 INFO  AsyncResolver-bootstrap-executor-0 com.netflix.discovery.shared.resolver.aws.ConfigClusterResolver Resolving eureka endpoints via configuration
2020-03-13 17:39:44 INFO  AsyncResolver-bootstrap-executor-0 com.netflix.discovery.shared.resolver.aws.ConfigClusterResolver Resolving eureka endpoints via configuration
2020-03-13 17:44:44 INFO  AsyncResolver-bootstrap-executor-0 com.netflix.discovery.shared.resolver.aws.ConfigClusterResolver Resolving eureka endpoints via configuration
2020-03-13 17:49:44 INFO  AsyncResolver-bootstrap-executor-0 com.netflix.discovery.shared.resolver.aws.ConfigClusterResolver Resolving eureka endpoints via configuration
2020-03-13 17:54:44 INFO  AsyncResolver-bootstrap-executor-0 com.netflix.discovery.shared.resolver.aws.ConfigClusterResolver Resolving eureka endpoints via configuration
2020-03-13 17:59:44 INFO  AsyncResolver-bootstrap-executor-0 com.netflix.discovery.shared.resolver.aws.ConfigClusterResolver Resolving eureka endpoints via configuration
2020-03-13 18:04:44 INFO  AsyncResolver-bootstrap-executor-0 com.netflix.discovery.shared.resolver.aws.ConfigClusterResolver Resolving eureka endpoints via configuration
2020-03-13 18:09:44 INFO  AsyncResolver-bootstrap-executor-0 com.netflix.discovery.shared.resolver.aws.ConfigClusterResolver Resolving eureka endpoints via configuration
2020-03-13 18:14:44 INFO  AsyncResolver-bootstrap-executor-0 com.netflix.discovery.shared.resolver.aws.ConfigClusterResolver Resolving eureka endpoints via configuration
2020-03-13 18:19:44 INFO  AsyncResolver-bootstrap-executor-0 com.netflix.discovery.shared.resolver.aws.ConfigClusterResolver Resolving eureka endpoints via configuration
2020-03-13 18:24:44 INFO  AsyncResolver-bootstrap-executor-0 com.netflix.discovery.shared.resolver.aws.ConfigClusterResolver Resolving eureka endpoints via configuration
2020-03-13 18:29:44 INFO  AsyncResolver-bootstrap-executor-0 com.netflix.discovery.shared.resolver.aws.ConfigClusterResolver Resolving eureka endpoints via configuration
2020-03-13 18:34:44 INFO  AsyncResolver-bootstrap-executor-0 com.netflix.discovery.shared.resolver.aws.ConfigClusterResolver Resolving eureka endpoints via configuration
2020-03-13 18:39:44 INFO  AsyncResolver-bootstrap-executor-0 com.netflix.discovery.shared.resolver.aws.ConfigClusterResolver Resolving eureka endpoints via configuration
2020-03-13 18:44:44 INFO  AsyncResolver-bootstrap-executor-0 com.netflix.discovery.shared.resolver.aws.ConfigClusterResolver Resolving eureka endpoints via configuration
2020-03-13 18:49:44 INFO  AsyncResolver-bootstrap-executor-0 com.netflix.discovery.shared.resolver.aws.ConfigClusterResolver Resolving eureka endpoints via configuration
2020-03-13 18:54:44 INFO  AsyncResolver-bootstrap-executor-0 com.netflix.discovery.shared.resolver.aws.ConfigClusterResolver Resolving eureka endpoints via configuration
2020-03-13 18:59:44 INFO  AsyncResolver-bootstrap-executor-0 com.netflix.discovery.shared.resolver.aws.ConfigClusterResolver Resolving eureka endpoints via configuration
2020-03-13 19:04:44 INFO  AsyncResolver-bootstrap-executor-0 com.netflix.discovery.shared.resolver.aws.ConfigClusterResolver Resolving eureka endpoints via configuration
2020-03-13 19:09:44 INFO  AsyncResolver-bootstrap-executor-0 com.netflix.discovery.shared.resolver.aws.ConfigClusterResolver Resolving eureka endpoints via configuration
2020-03-13 19:14:44 INFO  AsyncResolver-bootstrap-executor-0 com.netflix.discovery.shared.resolver.aws.ConfigClusterResolver Resolving eureka endpoints via configuration
2020-03-13 19:19:44 INFO  AsyncResolver-bootstrap-executor-0 com.netflix.discovery.shared.resolver.aws.ConfigClusterResolver Resolving eureka endpoints via configuration
2020-03-13 19:24:44 INFO  AsyncResolver-bootstrap-executor-0 com.netflix.discovery.shared.resolver.aws.ConfigClusterResolver Resolving eureka endpoints via configuration
2020-03-13 19:29:44 INFO  AsyncResolver-bootstrap-executor-0 com.netflix.discovery.shared.resolver.aws.ConfigClusterResolver Resolving eureka endpoints via configuration
2020-03-13 19:34:44 INFO  AsyncResolver-bootstrap-executor-0 com.netflix.discovery.shared.resolver.aws.ConfigClusterResolver Resolving eureka endpoints via configuration
2020-03-13 19:39:44 INFO  AsyncResolver-bootstrap-executor-0 com.netflix.discovery.shared.resolver.aws.ConfigClusterResolver Resolving eureka endpoints via configuration
2020-03-13 19:44:44 INFO  AsyncResolver-bootstrap-executor-0 com.netflix.discovery.shared.resolver.aws.ConfigClusterResolver Resolving eureka endpoints via configuration
2020-03-13 19:49:44 INFO  AsyncResolver-bootstrap-executor-0 com.netflix.discovery.shared.resolver.aws.ConfigClusterResolver Resolving eureka endpoints via configuration
2020-03-13 19:54:44 INFO  AsyncResolver-bootstrap-executor-0 com.netflix.discovery.shared.resolver.aws.ConfigClusterResolver Resolving eureka endpoints via configuration
2020-03-13 19:59:44 INFO  AsyncResolver-bootstrap-executor-0 com.netflix.discovery.shared.resolver.aws.ConfigClusterResolver Resolving eureka endpoints via configuration
2020-03-13 20:04:44 INFO  AsyncResolver-bootstrap-executor-0 com.netflix.discovery.shared.resolver.aws.ConfigClusterResolver Resolving eureka endpoints via configuration
2020-03-13 20:09:44 INFO  AsyncResolver-bootstrap-executor-0 com.netflix.discovery.shared.resolver.aws.ConfigClusterResolver Resolving eureka endpoints via configuration
2020-03-13 20:14:44 INFO  AsyncResolver-bootstrap-executor-0 com.netflix.discovery.shared.resolver.aws.ConfigClusterResolver Resolving eureka endpoints via configuration
2020-03-13 20:19:44 INFO  AsyncResolver-bootstrap-executor-0 com.netflix.discovery.shared.resolver.aws.ConfigClusterResolver Resolving eureka endpoints via configuration
2020-03-13 20:24:44 INFO  AsyncResolver-bootstrap-executor-0 com.netflix.discovery.shared.resolver.aws.ConfigClusterResolver Resolving eureka endpoints via configuration
2020-03-13 21:28:27 INFO  AsyncResolver-bootstrap-executor-0 com.netflix.discovery.shared.resolver.aws.ConfigClusterResolver Resolving eureka endpoints via configuration
2020-03-13 21:33:27 INFO  AsyncResolver-bootstrap-executor-0 com.netflix.discovery.shared.resolver.aws.ConfigClusterResolver Resolving eureka endpoints via configuration
2020-03-13 21:38:30 INFO  AsyncResolver-bootstrap-executor-0 com.netflix.discovery.shared.resolver.aws.ConfigClusterResolver Resolving eureka endpoints via configuration
2020-03-13 21:43:30 INFO  AsyncResolver-bootstrap-executor-0 com.netflix.discovery.shared.resolver.aws.ConfigClusterResolver Resolving eureka endpoints via configuration
2020-03-13 21:48:30 INFO  AsyncResolver-bootstrap-executor-0 com.netflix.discovery.shared.resolver.aws.ConfigClusterResolver Resolving eureka endpoints via configuration
2020-03-13 21:53:30 INFO  AsyncResolver-bootstrap-executor-0 com.netflix.discovery.shared.resolver.aws.ConfigClusterResolver Resolving eureka endpoints via configuration
2020-03-13 21:58:30 INFO  AsyncResolver-bootstrap-executor-0 com.netflix.discovery.shared.resolver.aws.ConfigClusterResolver Resolving eureka endpoints via configuration
2020-03-13 22:03:30 INFO  AsyncResolver-bootstrap-executor-0 com.netflix.discovery.shared.resolver.aws.ConfigClusterResolver Resolving eureka endpoints via configuration
2020-03-13 22:08:30 INFO  AsyncResolver-bootstrap-executor-0 com.netflix.discovery.shared.resolver.aws.ConfigClusterResolver Resolving eureka endpoints via configuration
